[debug] [2022-04-17T15:31:07.882Z] ----------------------------------------------------------------------
[debug] [2022-04-17T15:31:07.885Z] Command:       C:\Program Files\nodejs\node.exe C:\Users\User\AppData\Roaming\npm\node_modules\firebase-tools\lib\bin\firebase.js deploy
[debug] [2022-04-17T15:31:07.886Z] CLI Version:   10.6.0
[debug] [2022-04-17T15:31:07.886Z] Platform:      win32
[debug] [2022-04-17T15:31:07.886Z] Node Version:  v16.14.2
[debug] [2022-04-17T15:31:07.887Z] Time:          Sun Apr 17 2022 21:31:07 GMT+0600 (Bangladesh Standard Time)
[debug] [2022-04-17T15:31:07.887Z] ----------------------------------------------------------------------
[debug] 
[debug] [2022-04-17T15:31:07.981Z] > command requires scopes: ["email","openid","https://www.googleapis.com/auth/cloudplatformprojects.readonly","https://www.googleapis.com/auth/firebase","https://www.googleapis.com/auth/cloud-platform"]
[debug] [2022-04-17T15:31:07.981Z] > authorizing via signed-in user (rakibulssc5@gmail.com)
[debug] [2022-04-17T15:31:07.981Z] [iam] checking project tourist-travel-guide-b4ac3 for permissions ["firebase.projects.get","firebasehosting.sites.update"]
[debug] [2022-04-17T15:31:07.983Z] > refreshing access token with scopes: []
[debug] [2022-04-17T15:31:07.984Z] >>> HTTP REQUEST POST https://www.googleapis.com/oauth2/v3/token  
 <request body omitted>
[debug] [2022-04-17T15:31:08.709Z] <<< HTTP RESPONSE 200 {"cache-control":"no-cache, no-store, max-age=0, must-revalidate","expires":"Mon, 01 Jan 1990 00:00:00 GMT","pragma":"no-cache","date":"Sun, 17 Apr 2022 15:31:07 GMT","content-type":"application/json; charset=utf-8","vary":"X-Origin, Referer, Origin,Accept-Encoding","server":"scaffolding on HTTPServer2","x-xss-protection":"0","x-frame-options":"SAMEORIGIN","x-content-type-options":"nosniff","alt-svc":"h3=\":443\"; ma=2592000,h3-29=\":443\"; ma=2592000,h3-Q050=\":443\"; ma=2592000,h3-Q046=\":443\"; ma=2592000,h3-Q043=\":443\"; ma=2592000,quic=\":443\"; ma=2592000; v=\"46,43\"","accept-ranges":"none","transfer-encoding":"chunked"}
[debug] [2022-04-17T15:31:08.731Z] >>> [apiv2][query] POST https://cloudresourcemanager.googleapis.com/v1/projects/tourist-travel-guide-b4ac3:testIamPermissions [none]
[debug] [2022-04-17T15:31:08.731Z] >>> [apiv2][body] POST https://cloudresourcemanager.googleapis.com/v1/projects/tourist-travel-guide-b4ac3:testIamPermissions {"permissions":["firebase.projects.get","firebasehosting.sites.update"]}
[debug] [2022-04-17T15:31:10.439Z] <<< [apiv2][status] POST https://cloudresourcemanager.googleapis.com/v1/projects/tourist-travel-guide-b4ac3:testIamPermissions 200
[debug] [2022-04-17T15:31:10.440Z] <<< [apiv2][body] POST https://cloudresourcemanager.googleapis.com/v1/projects/tourist-travel-guide-b4ac3:testIamPermissions {"permissions":["firebase.projects.get","firebasehosting.sites.update"]}
[debug] [2022-04-17T15:31:10.441Z] >>> [apiv2][query] GET https://firebase.googleapis.com/v1beta1/projects/tourist-travel-guide-b4ac3 [none]
[debug] [2022-04-17T15:31:21.533Z] Failed to make request to https://firebase.googleapis.com/v1beta1/projects/tourist-travel-guide-b4ac3
[debug] [2022-04-17T15:31:21.952Z] FirebaseError: Failed to make request to https://firebase.googleapis.com/v1beta1/projects/tourist-travel-guide-b4ac3
    at RetryOperation._fn (C:\Users\User\AppData\Roaming\npm\node_modules\firebase-tools\lib\apiv2.js:240:31)
    at processTicksAndRejections (node:internal/process/task_queues:96:5)
[error] 
[error] Error: Failed to get Firebase project tourist-travel-guide-b4ac3. Please make sure the project exists and your account has permission to access it.
